<?xml version="1.0" encoding="UTF-8"?>
<!-- Generated by org.testng.reporters.JUnitReportReporter -->
<testsuite hostname="DESKTOP-B8R4OMO" failures="0" tests="1" name="com.qa.testscripts.Iamneo_001" time="11.970" errors="0" timestamp="2023-05-07T17:56:51 IST" skipped="0">
  <testcase classname="com.qa.testscripts.Iamneo_001" name="testcase_001" time="11.970"/>
  <system-out/>
</testsuite> <!-- com.qa.testscripts.Iamneo_001 -->
